
=== Network Statistics Report [2025-10-28 18:35:07] ===
UID: 193 | Username: systemd-resolve
  Total: 1008 bytes
---

=== Per-Connection Statistics [2025-10-28 18:35:07] ===
UID: 193 | Username: systemd-resolve
  Source: 192.168.1.34:37435
  Destination: 192.168.1.1:53
  TX: 74 bytes (1 packets)
  RX: 170 bytes (1 packets)
  Total: 244 bytes
---

=== Per-Connection Statistics [2025-10-28 18:35:07] ===
UID: 193 | Username: systemd-resolve
  Source: 192.168.1.22:44039
  Destination: 192.168.1.1:53
  TX: 74 bytes (1 packets)
  RX: 186 bytes (1 packets)
  Total: 260 bytes
---

=== Per-Connection Statistics [2025-10-28 18:35:07] ===
UID: 193 | Username: systemd-resolve
  Source: 192.168.1.22:57205
  Destination: 192.168.1.1:53
  TX: 74 bytes (1 packets)
  RX: 170 bytes (1 packets)
  Total: 244 bytes
---

=== Per-Connection Statistics [2025-10-28 18:35:07] ===
UID: 193 | Username: systemd-resolve
  Source: 192.168.1.34:52703
  Destination: 192.168.1.1:53
  TX: 74 bytes (1 packets)
  RX: 186 bytes (1 packets)
  Total: 260 bytes
---

=== Network Statistics Report [2025-10-28 18:35:17] ===
UID: 193 | Username: systemd-resolve
  Total: 1008 bytes
---

=== Per-Connection Statistics [2025-10-28 18:35:17] ===
UID: 193 | Username: systemd-resolve
  Source: 192.168.1.34:37435
  Destination: 192.168.1.1:53
  TX: 74 bytes (1 packets)
  RX: 170 bytes (1 packets)
  Total: 244 bytes
---

=== Per-Connection Statistics [2025-10-28 18:35:17] ===
UID: 193 | Username: systemd-resolve
  Source: 192.168.1.22:44039
  Destination: 192.168.1.1:53
  TX: 74 bytes (1 packets)
  RX: 186 bytes (1 packets)
  Total: 260 bytes
---

=== Per-Connection Statistics [2025-10-28 18:35:17] ===
UID: 193 | Username: systemd-resolve
  Source: 192.168.1.22:57205
  Destination: 192.168.1.1:53
  TX: 74 bytes (1 packets)
  RX: 170 bytes (1 packets)
  Total: 244 bytes
---

=== Per-Connection Statistics [2025-10-28 18:35:17] ===
UID: 193 | Username: systemd-resolve
  Source: 192.168.1.34:52703
  Destination: 192.168.1.1:53
  TX: 74 bytes (1 packets)
  RX: 186 bytes (1 packets)
  Total: 260 bytes
---

=== Network Statistics Report [2025-10-28 18:35:19] ===
UID: 193 | Username: systemd-resolve
  Total: 1008 bytes
---

=== Per-Connection Statistics [2025-10-28 18:35:19] ===
UID: 193 | Username: systemd-resolve
  Source: 192.168.1.34:37435
  Destination: 192.168.1.1:53
  TX: 74 bytes (1 packets)
  RX: 170 bytes (1 packets)
  Total: 244 bytes
---

=== Per-Connection Statistics [2025-10-28 18:35:19] ===
UID: 193 | Username: systemd-resolve
  Source: 192.168.1.22:44039
  Destination: 192.168.1.1:53
  TX: 74 bytes (1 packets)
  RX: 186 bytes (1 packets)
  Total: 260 bytes
---

=== Per-Connection Statistics [2025-10-28 18:35:19] ===
UID: 193 | Username: systemd-resolve
  Source: 192.168.1.22:57205
  Destination: 192.168.1.1:53
  TX: 74 bytes (1 packets)
  RX: 170 bytes (1 packets)
  Total: 244 bytes
---

=== Per-Connection Statistics [2025-10-28 18:35:19] ===
UID: 193 | Username: systemd-resolve
  Source: 192.168.1.34:52703
  Destination: 192.168.1.1:53
  TX: 74 bytes (1 packets)
  RX: 186 bytes (1 packets)
  Total: 260 bytes
---
