
=== Network Statistics Report [2025-10-28 19:08:57] ===
UID: 70 | Username: avahi
Process: swapper/25
  Total: 372 bytes
---

=== Per-Connection Statistics [2025-10-28 19:08:57] ===
UID: 70 | Username: avahi
Process: 
  Source: 224.0.0.251:5353
  Destination: 192.168.1.8:5353
  TX: 0 bytes (0 packets)
  RX: 372 bytes (4 packets)
  Total: 372 bytes
---

=== Network Statistics Report [2025-10-28 19:09:07] ===
UID: 70 | Username: avahi
Process: swapper/25
  Total: 5085 bytes
---

=== Per-Connection Statistics [2025-10-28 19:09:07] ===
UID: 70 | Username: avahi
Process: 
  Source: 224.0.0.251:5353
  Destination: 192.168.86.116:5353
  TX: 0 bytes (0 packets)
  RX: 2823 bytes (23 packets)
  Total: 2823 bytes
---

=== Per-Connection Statistics [2025-10-28 19:09:07] ===
UID: 70 | Username: avahi
Process: 
  Source: 224.0.0.251:5353
  Destination: 192.168.1.8:5353
  TX: 0 bytes (0 packets)
  RX: 2262 bytes (18 packets)
  Total: 2262 bytes
---

=== Network Statistics Report [2025-10-28 19:09:17] ===
UID: 70 | Username: avahi
Process: swapper/25
  Total: 5085 bytes
---

=== Per-Connection Statistics [2025-10-28 19:09:17] ===
UID: 70 | Username: avahi
Process: 
  Source: 224.0.0.251:5353
  Destination: 192.168.86.116:5353
  TX: 0 bytes (0 packets)
  RX: 2823 bytes (23 packets)
  Total: 2823 bytes
---

=== Per-Connection Statistics [2025-10-28 19:09:17] ===
UID: 70 | Username: avahi
Process: 
  Source: 224.0.0.251:5353
  Destination: 192.168.1.8:5353
  TX: 0 bytes (0 packets)
  RX: 2262 bytes (18 packets)
  Total: 2262 bytes
---

=== Network Statistics Report [2025-10-28 19:09:27] ===
UID: 70 | Username: avahi
Process: swapper/25
  Total: 5085 bytes
---

=== Per-Connection Statistics [2025-10-28 19:09:27] ===
UID: 70 | Username: avahi
Process: 
  Source: 224.0.0.251:5353
  Destination: 192.168.86.116:5353
  TX: 0 bytes (0 packets)
  RX: 2823 bytes (23 packets)
  Total: 2823 bytes
---

=== Per-Connection Statistics [2025-10-28 19:09:27] ===
UID: 70 | Username: avahi
Process: 
  Source: 224.0.0.251:5353
  Destination: 192.168.1.8:5353
  TX: 0 bytes (0 packets)
  RX: 2262 bytes (18 packets)
  Total: 2262 bytes
---

=== Network Statistics Report [2025-10-28 19:09:37] ===
UID: 70 | Username: avahi
Process: swapper/25
  Total: 5085 bytes
---

=== Per-Connection Statistics [2025-10-28 19:09:37] ===
UID: 70 | Username: avahi
Process: 
  Source: 224.0.0.251:5353
  Destination: 192.168.86.116:5353
  TX: 0 bytes (0 packets)
  RX: 2823 bytes (23 packets)
  Total: 2823 bytes
---

=== Per-Connection Statistics [2025-10-28 19:09:37] ===
UID: 70 | Username: avahi
Process: 
  Source: 224.0.0.251:5353
  Destination: 192.168.1.8:5353
  TX: 0 bytes (0 packets)
  RX: 2262 bytes (18 packets)
  Total: 2262 bytes
---

=== Network Statistics Report [2025-10-28 19:09:47] ===
UID: 70 | Username: avahi
Process: swapper/25
  Total: 5085 bytes
---

=== Per-Connection Statistics [2025-10-28 19:09:47] ===
UID: 70 | Username: avahi
Process: 
  Source: 224.0.0.251:5353
  Destination: 192.168.86.116:5353
  TX: 0 bytes (0 packets)
  RX: 2823 bytes (23 packets)
  Total: 2823 bytes
---

=== Per-Connection Statistics [2025-10-28 19:09:47] ===
UID: 70 | Username: avahi
Process: 
  Source: 224.0.0.251:5353
  Destination: 192.168.1.8:5353
  TX: 0 bytes (0 packets)
  RX: 2262 bytes (18 packets)
  Total: 2262 bytes
---

=== Network Statistics Report [2025-10-28 19:09:57] ===
UID: 70 | Username: avahi
Process: swapper/25
  Total: 5085 bytes
---

=== Per-Connection Statistics [2025-10-28 19:09:57] ===
UID: 70 | Username: avahi
Process: 
  Source: 224.0.0.251:5353
  Destination: 192.168.86.116:5353
  TX: 0 bytes (0 packets)
  RX: 2823 bytes (23 packets)
  Total: 2823 bytes
---

=== Per-Connection Statistics [2025-10-28 19:09:57] ===
UID: 70 | Username: avahi
Process: 
  Source: 224.0.0.251:5353
  Destination: 192.168.1.8:5353
  TX: 0 bytes (0 packets)
  RX: 2262 bytes (18 packets)
  Total: 2262 bytes
---

=== Network Statistics Report [2025-10-28 19:10:07] ===
UID: 70 | Username: avahi
Process: swapper/25
  Total: 5085 bytes
---

=== Per-Connection Statistics [2025-10-28 19:10:07] ===
UID: 70 | Username: avahi
Process: 
  Source: 224.0.0.251:5353
  Destination: 192.168.86.116:5353
  TX: 0 bytes (0 packets)
  RX: 2823 bytes (23 packets)
  Total: 2823 bytes
---

=== Per-Connection Statistics [2025-10-28 19:10:07] ===
UID: 70 | Username: avahi
Process: 
  Source: 224.0.0.251:5353
  Destination: 192.168.1.8:5353
  TX: 0 bytes (0 packets)
  RX: 2262 bytes (18 packets)
  Total: 2262 bytes
---

=== Network Statistics Report [2025-10-28 19:10:17] ===
UID: 70 | Username: avahi
Process: swapper/25
  Total: 5085 bytes
---

=== Per-Connection Statistics [2025-10-28 19:10:17] ===
UID: 70 | Username: avahi
Process: 
  Source: 224.0.0.251:5353
  Destination: 192.168.86.116:5353
  TX: 0 bytes (0 packets)
  RX: 2823 bytes (23 packets)
  Total: 2823 bytes
---

=== Per-Connection Statistics [2025-10-28 19:10:17] ===
UID: 70 | Username: avahi
Process: 
  Source: 224.0.0.251:5353
  Destination: 192.168.1.8:5353
  TX: 0 bytes (0 packets)
  RX: 2262 bytes (18 packets)
  Total: 2262 bytes
---

=== Network Statistics Report [2025-10-28 19:10:27] ===
UID: 70 | Username: avahi
Process: swapper/25
  Total: 5085 bytes
---

=== Per-Connection Statistics [2025-10-28 19:10:27] ===
UID: 70 | Username: avahi
Process: 
  Source: 224.0.0.251:5353
  Destination: 192.168.86.116:5353
  TX: 0 bytes (0 packets)
  RX: 2823 bytes (23 packets)
  Total: 2823 bytes
---

=== Per-Connection Statistics [2025-10-28 19:10:27] ===
UID: 70 | Username: avahi
Process: 
  Source: 224.0.0.251:5353
  Destination: 192.168.1.8:5353
  TX: 0 bytes (0 packets)
  RX: 2262 bytes (18 packets)
  Total: 2262 bytes
---

=== Network Statistics Report [2025-10-28 19:10:37] ===
UID: 70 | Username: avahi
Process: swapper/25
  Total: 5085 bytes
---

=== Per-Connection Statistics [2025-10-28 19:10:37] ===
UID: 70 | Username: avahi
Process: 
  Source: 224.0.0.251:5353
  Destination: 192.168.86.116:5353
  TX: 0 bytes (0 packets)
  RX: 2823 bytes (23 packets)
  Total: 2823 bytes
---

=== Per-Connection Statistics [2025-10-28 19:10:37] ===
UID: 70 | Username: avahi
Process: 
  Source: 224.0.0.251:5353
  Destination: 192.168.1.8:5353
  TX: 0 bytes (0 packets)
  RX: 2262 bytes (18 packets)
  Total: 2262 bytes
---

=== Network Statistics Report [2025-10-28 19:10:47] ===
UID: 70 | Username: avahi
Process: swapper/25
  Total: 8006 bytes
---

=== Per-Connection Statistics [2025-10-28 19:10:47] ===
UID: 70 | Username: avahi
Process: 
  Source: 224.0.0.251:5353
  Destination: 192.168.86.116:5353
  TX: 0 bytes (0 packets)
  RX: 4400 bytes (34 packets)
  Total: 4400 bytes
---

=== Per-Connection Statistics [2025-10-28 19:10:47] ===
UID: 70 | Username: avahi
Process: 
  Source: 224.0.0.251:5353
  Destination: 192.168.1.8:5353
  TX: 0 bytes (0 packets)
  RX: 3606 bytes (26 packets)
  Total: 3606 bytes
---

=== Network Statistics Report [2025-10-28 19:10:57] ===
UID: 70 | Username: avahi
Process: swapper/25
  Total: 8006 bytes
---

=== Per-Connection Statistics [2025-10-28 19:10:57] ===
UID: 70 | Username: avahi
Process: 
  Source: 224.0.0.251:5353
  Destination: 192.168.86.116:5353
  TX: 0 bytes (0 packets)
  RX: 4400 bytes (34 packets)
  Total: 4400 bytes
---

=== Per-Connection Statistics [2025-10-28 19:10:57] ===
UID: 70 | Username: avahi
Process: 
  Source: 224.0.0.251:5353
  Destination: 192.168.1.8:5353
  TX: 0 bytes (0 packets)
  RX: 3606 bytes (26 packets)
  Total: 3606 bytes
---

=== Network Statistics Report [2025-10-28 19:11:07] ===
UID: 70 | Username: avahi
Process: swapper/25
  Total: 8006 bytes
---

=== Per-Connection Statistics [2025-10-28 19:11:07] ===
UID: 70 | Username: avahi
Process: 
  Source: 224.0.0.251:5353
  Destination: 192.168.86.116:5353
  TX: 0 bytes (0 packets)
  RX: 4400 bytes (34 packets)
  Total: 4400 bytes
---

=== Per-Connection Statistics [2025-10-28 19:11:07] ===
UID: 70 | Username: avahi
Process: 
  Source: 224.0.0.251:5353
  Destination: 192.168.1.8:5353
  TX: 0 bytes (0 packets)
  RX: 3606 bytes (26 packets)
  Total: 3606 bytes
---

=== Network Statistics Report [2025-10-28 19:11:17] ===
UID: 70 | Username: avahi
Process: swapper/25
  Total: 8006 bytes
---

=== Per-Connection Statistics [2025-10-28 19:11:17] ===
UID: 70 | Username: avahi
Process: 
  Source: 224.0.0.251:5353
  Destination: 192.168.86.116:5353
  TX: 0 bytes (0 packets)
  RX: 4400 bytes (34 packets)
  Total: 4400 bytes
---

=== Per-Connection Statistics [2025-10-28 19:11:17] ===
UID: 70 | Username: avahi
Process: 
  Source: 224.0.0.251:5353
  Destination: 192.168.1.8:5353
  TX: 0 bytes (0 packets)
  RX: 3606 bytes (26 packets)
  Total: 3606 bytes
---

=== Network Statistics Report [2025-10-28 19:11:27] ===
UID: 70 | Username: avahi
Process: swapper/25
  Total: 8006 bytes
---

=== Per-Connection Statistics [2025-10-28 19:11:27] ===
UID: 70 | Username: avahi
Process: 
  Source: 224.0.0.251:5353
  Destination: 192.168.86.116:5353
  TX: 0 bytes (0 packets)
  RX: 4400 bytes (34 packets)
  Total: 4400 bytes
---

=== Per-Connection Statistics [2025-10-28 19:11:27] ===
UID: 70 | Username: avahi
Process: 
  Source: 224.0.0.251:5353
  Destination: 192.168.1.8:5353
  TX: 0 bytes (0 packets)
  RX: 3606 bytes (26 packets)
  Total: 3606 bytes
---

=== Network Statistics Report [2025-10-28 19:11:37] ===
UID: 70 | Username: avahi
Process: swapper/25
  Total: 8006 bytes
---

=== Per-Connection Statistics [2025-10-28 19:11:37] ===
UID: 70 | Username: avahi
Process: 
  Source: 224.0.0.251:5353
  Destination: 192.168.86.116:5353
  TX: 0 bytes (0 packets)
  RX: 4400 bytes (34 packets)
  Total: 4400 bytes
---

=== Per-Connection Statistics [2025-10-28 19:11:37] ===
UID: 70 | Username: avahi
Process: 
  Source: 224.0.0.251:5353
  Destination: 192.168.1.8:5353
  TX: 0 bytes (0 packets)
  RX: 3606 bytes (26 packets)
  Total: 3606 bytes
---

=== Network Statistics Report [2025-10-28 19:11:47] ===
UID: 70 | Username: avahi
Process: swapper/25
  Total: 8006 bytes
---

=== Per-Connection Statistics [2025-10-28 19:11:47] ===
UID: 70 | Username: avahi
Process: 
  Source: 224.0.0.251:5353
  Destination: 192.168.86.116:5353
  TX: 0 bytes (0 packets)
  RX: 4400 bytes (34 packets)
  Total: 4400 bytes
---

=== Per-Connection Statistics [2025-10-28 19:11:47] ===
UID: 70 | Username: avahi
Process: 
  Source: 224.0.0.251:5353
  Destination: 192.168.1.8:5353
  TX: 0 bytes (0 packets)
  RX: 3606 bytes (26 packets)
  Total: 3606 bytes
---

=== Network Statistics Report [2025-10-28 19:11:57] ===
UID: 70 | Username: avahi
Process: swapper/25
  Total: 8006 bytes
---

=== Per-Connection Statistics [2025-10-28 19:11:57] ===
UID: 70 | Username: avahi
Process: 
  Source: 224.0.0.251:5353
  Destination: 192.168.86.116:5353
  TX: 0 bytes (0 packets)
  RX: 4400 bytes (34 packets)
  Total: 4400 bytes
---

=== Per-Connection Statistics [2025-10-28 19:11:57] ===
UID: 70 | Username: avahi
Process: 
  Source: 224.0.0.251:5353
  Destination: 192.168.1.8:5353
  TX: 0 bytes (0 packets)
  RX: 3606 bytes (26 packets)
  Total: 3606 bytes
---

=== Network Statistics Report [2025-10-28 19:12:07] ===
UID: 70 | Username: avahi
Process: swapper/25
  Total: 8006 bytes
---

=== Per-Connection Statistics [2025-10-28 19:12:07] ===
UID: 70 | Username: avahi
Process: 
  Source: 224.0.0.251:5353
  Destination: 192.168.86.116:5353
  TX: 0 bytes (0 packets)
  RX: 4400 bytes (34 packets)
  Total: 4400 bytes
---

=== Per-Connection Statistics [2025-10-28 19:12:07] ===
UID: 70 | Username: avahi
Process: 
  Source: 224.0.0.251:5353
  Destination: 192.168.1.8:5353
  TX: 0 bytes (0 packets)
  RX: 3606 bytes (26 packets)
  Total: 3606 bytes
---

=== Network Statistics Report [2025-10-28 19:12:17] ===
UID: 70 | Username: avahi
Process: swapper/25
  Total: 8006 bytes
---

=== Per-Connection Statistics [2025-10-28 19:12:17] ===
UID: 70 | Username: avahi
Process: 
  Source: 224.0.0.251:5353
  Destination: 192.168.86.116:5353
  TX: 0 bytes (0 packets)
  RX: 4400 bytes (34 packets)
  Total: 4400 bytes
---

=== Per-Connection Statistics [2025-10-28 19:12:17] ===
UID: 70 | Username: avahi
Process: 
  Source: 224.0.0.251:5353
  Destination: 192.168.1.8:5353
  TX: 0 bytes (0 packets)
  RX: 3606 bytes (26 packets)
  Total: 3606 bytes
---

=== Network Statistics Report [2025-10-28 19:12:27] ===
UID: 70 | Username: avahi
Process: swapper/25
  Total: 11287 bytes
---

=== Per-Connection Statistics [2025-10-28 19:12:27] ===
UID: 70 | Username: avahi
Process: 
  Source: 224.0.0.251:5353
  Destination: 192.168.86.116:5353
  TX: 0 bytes (0 packets)
  RX: 6731 bytes (46 packets)
  Total: 6731 bytes
---

=== Per-Connection Statistics [2025-10-28 19:12:27] ===
UID: 70 | Username: avahi
Process: 
  Source: 224.0.0.251:5353
  Destination: 192.168.1.8:5353
  TX: 0 bytes (0 packets)
  RX: 4188 bytes (30 packets)
  Total: 4188 bytes
---

=== Per-Connection Statistics [2025-10-28 19:12:27] ===
UID: 70 | Username: avahi
Process: 
  Source: 224.0.0.251:5353
  Destination: 192.168.1.17:5353
  TX: 0 bytes (0 packets)
  RX: 368 bytes (2 packets)
  Total: 368 bytes
---

=== Network Statistics Report [2025-10-28 19:12:37] ===
UID: 70 | Username: avahi
Process: swapper/25
  Total: 12023 bytes
---

=== Per-Connection Statistics [2025-10-28 19:12:37] ===
UID: 70 | Username: avahi
Process: 
  Source: 224.0.0.251:5353
  Destination: 192.168.86.116:5353
  TX: 0 bytes (0 packets)
  RX: 6731 bytes (46 packets)
  Total: 6731 bytes
---

=== Per-Connection Statistics [2025-10-28 19:12:37] ===
UID: 70 | Username: avahi
Process: 
  Source: 224.0.0.251:5353
  Destination: 192.168.1.8:5353
  TX: 0 bytes (0 packets)
  RX: 4188 bytes (30 packets)
  Total: 4188 bytes
---

=== Per-Connection Statistics [2025-10-28 19:12:37] ===
UID: 70 | Username: avahi
Process: 
  Source: 224.0.0.251:5353
  Destination: 192.168.1.17:5353
  TX: 0 bytes (0 packets)
  RX: 1104 bytes (6 packets)
  Total: 1104 bytes
---

=== Network Statistics Report [2025-10-28 19:12:47] ===
UID: 70 | Username: avahi
Process: swapper/25
  Total: 12759 bytes
---

=== Per-Connection Statistics [2025-10-28 19:12:47] ===
UID: 70 | Username: avahi
Process: 
  Source: 224.0.0.251:5353
  Destination: 192.168.86.116:5353
  TX: 0 bytes (0 packets)
  RX: 6731 bytes (46 packets)
  Total: 6731 bytes
---

=== Per-Connection Statistics [2025-10-28 19:12:47] ===
UID: 70 | Username: avahi
Process: 
  Source: 224.0.0.251:5353
  Destination: 192.168.1.8:5353
  TX: 0 bytes (0 packets)
  RX: 4188 bytes (30 packets)
  Total: 4188 bytes
---

=== Per-Connection Statistics [2025-10-28 19:12:47] ===
UID: 70 | Username: avahi
Process: 
  Source: 224.0.0.251:5353
  Destination: 192.168.1.17:5353
  TX: 0 bytes (0 packets)
  RX: 1840 bytes (10 packets)
  Total: 1840 bytes
---

=== Network Statistics Report [2025-10-28 19:12:57] ===
UID: 70 | Username: avahi
Process: swapper/25
  Total: 12759 bytes
---

=== Per-Connection Statistics [2025-10-28 19:12:57] ===
UID: 70 | Username: avahi
Process: 
  Source: 224.0.0.251:5353
  Destination: 192.168.86.116:5353
  TX: 0 bytes (0 packets)
  RX: 6731 bytes (46 packets)
  Total: 6731 bytes
---

=== Per-Connection Statistics [2025-10-28 19:12:57] ===
UID: 70 | Username: avahi
Process: 
  Source: 224.0.0.251:5353
  Destination: 192.168.1.8:5353
  TX: 0 bytes (0 packets)
  RX: 4188 bytes (30 packets)
  Total: 4188 bytes
---

=== Per-Connection Statistics [2025-10-28 19:12:57] ===
UID: 70 | Username: avahi
Process: 
  Source: 224.0.0.251:5353
  Destination: 192.168.1.17:5353
  TX: 0 bytes (0 packets)
  RX: 1840 bytes (10 packets)
  Total: 1840 bytes
---

=== Network Statistics Report [2025-10-28 19:13:07] ===
UID: 70 | Username: avahi
Process: swapper/25
  Total: 12759 bytes
---

=== Per-Connection Statistics [2025-10-28 19:13:07] ===
UID: 70 | Username: avahi
Process: 
  Source: 224.0.0.251:5353
  Destination: 192.168.86.116:5353
  TX: 0 bytes (0 packets)
  RX: 6731 bytes (46 packets)
  Total: 6731 bytes
---

=== Per-Connection Statistics [2025-10-28 19:13:07] ===
UID: 70 | Username: avahi
Process: 
  Source: 224.0.0.251:5353
  Destination: 192.168.1.8:5353
  TX: 0 bytes (0 packets)
  RX: 4188 bytes (30 packets)
  Total: 4188 bytes
---

=== Per-Connection Statistics [2025-10-28 19:13:07] ===
UID: 70 | Username: avahi
Process: 
  Source: 224.0.0.251:5353
  Destination: 192.168.1.17:5353
  TX: 0 bytes (0 packets)
  RX: 1840 bytes (10 packets)
  Total: 1840 bytes
---

=== Network Statistics Report [2025-10-28 19:13:17] ===
UID: 70 | Username: avahi
Process: swapper/25
  Total: 12759 bytes
---

=== Per-Connection Statistics [2025-10-28 19:13:17] ===
UID: 70 | Username: avahi
Process: 
  Source: 224.0.0.251:5353
  Destination: 192.168.86.116:5353
  TX: 0 bytes (0 packets)
  RX: 6731 bytes (46 packets)
  Total: 6731 bytes
---

=== Per-Connection Statistics [2025-10-28 19:13:17] ===
UID: 70 | Username: avahi
Process: 
  Source: 224.0.0.251:5353
  Destination: 192.168.1.8:5353
  TX: 0 bytes (0 packets)
  RX: 4188 bytes (30 packets)
  Total: 4188 bytes
---

=== Per-Connection Statistics [2025-10-28 19:13:17] ===
UID: 70 | Username: avahi
Process: 
  Source: 224.0.0.251:5353
  Destination: 192.168.1.17:5353
  TX: 0 bytes (0 packets)
  RX: 1840 bytes (10 packets)
  Total: 1840 bytes
---

=== Network Statistics Report [2025-10-28 19:13:27] ===
UID: 70 | Username: avahi
Process: swapper/25
  Total: 12759 bytes
---

=== Per-Connection Statistics [2025-10-28 19:13:27] ===
UID: 70 | Username: avahi
Process: 
  Source: 224.0.0.251:5353
  Destination: 192.168.86.116:5353
  TX: 0 bytes (0 packets)
  RX: 6731 bytes (46 packets)
  Total: 6731 bytes
---

=== Per-Connection Statistics [2025-10-28 19:13:27] ===
UID: 70 | Username: avahi
Process: 
  Source: 224.0.0.251:5353
  Destination: 192.168.1.8:5353
  TX: 0 bytes (0 packets)
  RX: 4188 bytes (30 packets)
  Total: 4188 bytes
---

=== Per-Connection Statistics [2025-10-28 19:13:27] ===
UID: 70 | Username: avahi
Process: 
  Source: 224.0.0.251:5353
  Destination: 192.168.1.17:5353
  TX: 0 bytes (0 packets)
  RX: 1840 bytes (10 packets)
  Total: 1840 bytes
---

=== Network Statistics Report [2025-10-28 19:13:37] ===
UID: 70 | Username: avahi
Process: swapper/25
  Total: 12759 bytes
---

=== Per-Connection Statistics [2025-10-28 19:13:37] ===
UID: 70 | Username: avahi
Process: 
  Source: 224.0.0.251:5353
  Destination: 192.168.86.116:5353
  TX: 0 bytes (0 packets)
  RX: 6731 bytes (46 packets)
  Total: 6731 bytes
---

=== Per-Connection Statistics [2025-10-28 19:13:37] ===
UID: 70 | Username: avahi
Process: 
  Source: 224.0.0.251:5353
  Destination: 192.168.1.8:5353
  TX: 0 bytes (0 packets)
  RX: 4188 bytes (30 packets)
  Total: 4188 bytes
---

=== Per-Connection Statistics [2025-10-28 19:13:37] ===
UID: 70 | Username: avahi
Process: 
  Source: 224.0.0.251:5353
  Destination: 192.168.1.17:5353
  TX: 0 bytes (0 packets)
  RX: 1840 bytes (10 packets)
  Total: 1840 bytes
---

=== Network Statistics Report [2025-10-28 19:13:47] ===
UID: 70 | Username: avahi
Process: swapper/25
  Total: 12759 bytes
---

=== Per-Connection Statistics [2025-10-28 19:13:47] ===
UID: 70 | Username: avahi
Process: 
  Source: 224.0.0.251:5353
  Destination: 192.168.86.116:5353
  TX: 0 bytes (0 packets)
  RX: 6731 bytes (46 packets)
  Total: 6731 bytes
---

=== Per-Connection Statistics [2025-10-28 19:13:47] ===
UID: 70 | Username: avahi
Process: 
  Source: 224.0.0.251:5353
  Destination: 192.168.1.8:5353
  TX: 0 bytes (0 packets)
  RX: 4188 bytes (30 packets)
  Total: 4188 bytes
---

=== Per-Connection Statistics [2025-10-28 19:13:47] ===
UID: 70 | Username: avahi
Process: 
  Source: 224.0.0.251:5353
  Destination: 192.168.1.17:5353
  TX: 0 bytes (0 packets)
  RX: 1840 bytes (10 packets)
  Total: 1840 bytes
---

=== Network Statistics Report [2025-10-28 19:13:57] ===
UID: 70 | Username: avahi
Process: swapper/25
  Total: 14784 bytes
---

=== Per-Connection Statistics [2025-10-28 19:13:57] ===
UID: 70 | Username: avahi
Process: 
  Source: 224.0.0.251:5353
  Destination: 192.168.86.116:5353
  TX: 0 bytes (0 packets)
  RX: 8144 bytes (52 packets)
  Total: 8144 bytes
---

=== Per-Connection Statistics [2025-10-28 19:13:57] ===
UID: 70 | Username: avahi
Process: 
  Source: 224.0.0.251:5353
  Destination: 192.168.1.8:5353
  TX: 0 bytes (0 packets)
  RX: 4800 bytes (34 packets)
  Total: 4800 bytes
---

=== Per-Connection Statistics [2025-10-28 19:13:57] ===
UID: 70 | Username: avahi
Process: 
  Source: 224.0.0.251:5353
  Destination: 192.168.1.17:5353
  TX: 0 bytes (0 packets)
  RX: 1840 bytes (10 packets)
  Total: 1840 bytes
---

=== Network Statistics Report [2025-10-28 19:14:07] ===
UID: 70 | Username: avahi
Process: swapper/25
  Total: 14784 bytes
---

=== Per-Connection Statistics [2025-10-28 19:14:07] ===
UID: 70 | Username: avahi
Process: 
  Source: 224.0.0.251:5353
  Destination: 192.168.86.116:5353
  TX: 0 bytes (0 packets)
  RX: 8144 bytes (52 packets)
  Total: 8144 bytes
---

=== Per-Connection Statistics [2025-10-28 19:14:07] ===
UID: 70 | Username: avahi
Process: 
  Source: 224.0.0.251:5353
  Destination: 192.168.1.8:5353
  TX: 0 bytes (0 packets)
  RX: 4800 bytes (34 packets)
  Total: 4800 bytes
---

=== Per-Connection Statistics [2025-10-28 19:14:07] ===
UID: 70 | Username: avahi
Process: 
  Source: 224.0.0.251:5353
  Destination: 192.168.1.17:5353
  TX: 0 bytes (0 packets)
  RX: 1840 bytes (10 packets)
  Total: 1840 bytes
---

=== Network Statistics Report [2025-10-28 19:14:17] ===
UID: 70 | Username: avahi
Process: swapper/25
  Total: 14784 bytes
---

=== Per-Connection Statistics [2025-10-28 19:14:17] ===
UID: 70 | Username: avahi
Process: 
  Source: 224.0.0.251:5353
  Destination: 192.168.86.116:5353
  TX: 0 bytes (0 packets)
  RX: 8144 bytes (52 packets)
  Total: 8144 bytes
---

=== Per-Connection Statistics [2025-10-28 19:14:17] ===
UID: 70 | Username: avahi
Process: 
  Source: 224.0.0.251:5353
  Destination: 192.168.1.8:5353
  TX: 0 bytes (0 packets)
  RX: 4800 bytes (34 packets)
  Total: 4800 bytes
---

=== Per-Connection Statistics [2025-10-28 19:14:17] ===
UID: 70 | Username: avahi
Process: 
  Source: 224.0.0.251:5353
  Destination: 192.168.1.17:5353
  TX: 0 bytes (0 packets)
  RX: 1840 bytes (10 packets)
  Total: 1840 bytes
---

=== Network Statistics Report [2025-10-28 19:14:27] ===
UID: 70 | Username: avahi
Process: swapper/25
  Total: 14784 bytes
---

=== Per-Connection Statistics [2025-10-28 19:14:27] ===
UID: 70 | Username: avahi
Process: 
  Source: 224.0.0.251:5353
  Destination: 192.168.86.116:5353
  TX: 0 bytes (0 packets)
  RX: 8144 bytes (52 packets)
  Total: 8144 bytes
---

=== Per-Connection Statistics [2025-10-28 19:14:27] ===
UID: 70 | Username: avahi
Process: 
  Source: 224.0.0.251:5353
  Destination: 192.168.1.8:5353
  TX: 0 bytes (0 packets)
  RX: 4800 bytes (34 packets)
  Total: 4800 bytes
---

=== Per-Connection Statistics [2025-10-28 19:14:27] ===
UID: 70 | Username: avahi
Process: 
  Source: 224.0.0.251:5353
  Destination: 192.168.1.17:5353
  TX: 0 bytes (0 packets)
  RX: 1840 bytes (10 packets)
  Total: 1840 bytes
---

=== Network Statistics Report [2025-10-28 19:14:37] ===
UID: 70 | Username: avahi
Process: swapper/25
  Total: 14784 bytes
---

=== Per-Connection Statistics [2025-10-28 19:14:37] ===
UID: 70 | Username: avahi
Process: 
  Source: 224.0.0.251:5353
  Destination: 192.168.86.116:5353
  TX: 0 bytes (0 packets)
  RX: 8144 bytes (52 packets)
  Total: 8144 bytes
---

=== Per-Connection Statistics [2025-10-28 19:14:37] ===
UID: 70 | Username: avahi
Process: 
  Source: 224.0.0.251:5353
  Destination: 192.168.1.8:5353
  TX: 0 bytes (0 packets)
  RX: 4800 bytes (34 packets)
  Total: 4800 bytes
---

=== Per-Connection Statistics [2025-10-28 19:14:37] ===
UID: 70 | Username: avahi
Process: 
  Source: 224.0.0.251:5353
  Destination: 192.168.1.17:5353
  TX: 0 bytes (0 packets)
  RX: 1840 bytes (10 packets)
  Total: 1840 bytes
---

=== Network Statistics Report [2025-10-28 19:14:47] ===
UID: 70 | Username: avahi
Process: swapper/25
  Total: 14784 bytes
---

=== Per-Connection Statistics [2025-10-28 19:14:47] ===
UID: 70 | Username: avahi
Process: 
  Source: 224.0.0.251:5353
  Destination: 192.168.86.116:5353
  TX: 0 bytes (0 packets)
  RX: 8144 bytes (52 packets)
  Total: 8144 bytes
---

=== Per-Connection Statistics [2025-10-28 19:14:47] ===
UID: 70 | Username: avahi
Process: 
  Source: 224.0.0.251:5353
  Destination: 192.168.1.8:5353
  TX: 0 bytes (0 packets)
  RX: 4800 bytes (34 packets)
  Total: 4800 bytes
---

=== Per-Connection Statistics [2025-10-28 19:14:47] ===
UID: 70 | Username: avahi
Process: 
  Source: 224.0.0.251:5353
  Destination: 192.168.1.17:5353
  TX: 0 bytes (0 packets)
  RX: 1840 bytes (10 packets)
  Total: 1840 bytes
---

=== Network Statistics Report [2025-10-28 19:14:57] ===
UID: 70 | Username: avahi
Process: swapper/25
  Total: 14784 bytes
---

=== Per-Connection Statistics [2025-10-28 19:14:57] ===
UID: 70 | Username: avahi
Process: 
  Source: 224.0.0.251:5353
  Destination: 192.168.86.116:5353
  TX: 0 bytes (0 packets)
  RX: 8144 bytes (52 packets)
  Total: 8144 bytes
---

=== Per-Connection Statistics [2025-10-28 19:14:57] ===
UID: 70 | Username: avahi
Process: 
  Source: 224.0.0.251:5353
  Destination: 192.168.1.8:5353
  TX: 0 bytes (0 packets)
  RX: 4800 bytes (34 packets)
  Total: 4800 bytes
---

=== Per-Connection Statistics [2025-10-28 19:14:57] ===
UID: 70 | Username: avahi
Process: 
  Source: 224.0.0.251:5353
  Destination: 192.168.1.17:5353
  TX: 0 bytes (0 packets)
  RX: 1840 bytes (10 packets)
  Total: 1840 bytes
---
