
=== Network Statistics Report [2025-10-28 19:08:57] ===
UID: 1000 | Username: ugo
Process: swapper/0
  Total: 104 bytes
---

=== Per-Connection Statistics [2025-10-28 19:08:57] ===
UID: 1000 | Username: ugo
Process: 
  Source: 192.168.1.22:41090
  Destination: 104.18.3.115:443
  TX: 52 bytes (1 packets)
  RX: 52 bytes (1 packets)
  Total: 104 bytes
---

=== Network Statistics Report [2025-10-28 19:09:07] ===
UID: 1000 | Username: ugo
Process: swapper/0
  Total: 208 bytes
---

=== Per-Connection Statistics [2025-10-28 19:09:07] ===
UID: 1000 | Username: ugo
Process: 
  Source: 192.168.1.22:41090
  Destination: 104.18.3.115:443
  TX: 52 bytes (1 packets)
  RX: 52 bytes (1 packets)
  Total: 104 bytes
---

=== Per-Connection Statistics [2025-10-28 19:09:07] ===
UID: 1000 | Username: ugo
Process: 
  Source: 192.168.1.22:55810
  Destination: 3.175.96.11:443
  TX: 52 bytes (1 packets)
  RX: 52 bytes (1 packets)
  Total: 104 bytes
---

=== Network Statistics Report [2025-10-28 19:09:17] ===
UID: 1000 | Username: ugo
Process: swapper/0
  Total: 259521 bytes
---

=== Per-Connection Statistics [2025-10-28 19:09:17] ===
UID: 1000 | Username: ugo
Process: 
  Source: 192.168.1.22:41090
  Destination: 104.18.3.115:443
  TX: 241609 bytes (40 packets)
  RX: 14724 bytes (81 packets)
  Total: 256333 bytes
---

=== Per-Connection Statistics [2025-10-28 19:09:17] ===
UID: 1000 | Username: ugo
Process: 
  Source: 192.168.1.22:55810
  Destination: 3.175.96.11:443
  TX: 2478 bytes (5 packets)
  RX: 710 bytes (5 packets)
  Total: 3188 bytes
---

=== Network Statistics Report [2025-10-28 19:09:27] ===
UID: 1000 | Username: ugo
Process: swapper/0
  Total: 1268712 bytes
---

=== Per-Connection Statistics [2025-10-28 19:09:27] ===
UID: 1000 | Username: ugo
Process: 
  Source: 192.168.1.22:41090
  Destination: 104.18.3.115:443
  TX: 1213708 bytes (177 packets)
  RX: 47967 bytes (355 packets)
  Total: 1261675 bytes
---

=== Per-Connection Statistics [2025-10-28 19:09:27] ===
UID: 1000 | Username: ugo
Process: 
  Source: 192.168.1.22:55810
  Destination: 3.175.96.11:443
  TX: 5669 bytes (9 packets)
  RX: 1368 bytes (9 packets)
  Total: 7037 bytes
---

=== Network Statistics Report [2025-10-28 19:09:37] ===
UID: 1000 | Username: ugo
Process: swapper/0
  Total: 2313342 bytes
---

=== Per-Connection Statistics [2025-10-28 19:09:37] ===
UID: 1000 | Username: ugo
Process: 
  Source: 192.168.1.22:41090
  Destination: 104.18.3.115:443
  TX: 2197804 bytes (335 packets)
  RX: 100810 bytes (678 packets)
  Total: 2298614 bytes
---

=== Per-Connection Statistics [2025-10-28 19:09:37] ===
UID: 1000 | Username: ugo
Process: 
  Source: 192.168.1.22:55810
  Destination: 3.175.96.11:443
  TX: 12044 bytes (17 packets)
  RX: 2684 bytes (17 packets)
  Total: 14728 bytes
---

=== Network Statistics Report [2025-10-28 19:09:47] ===
UID: 1000 | Username: ugo
Process: swapper/0
  Total: 3347540 bytes
---

=== Per-Connection Statistics [2025-10-28 19:09:47] ===
UID: 1000 | Username: ugo
Process: 
  Source: 192.168.1.22:41090
  Destination: 104.18.3.115:443
  TX: 3193962 bytes (465 packets)
  RX: 131155 bytes (950 packets)
  Total: 3325117 bytes
---

=== Per-Connection Statistics [2025-10-28 19:09:47] ===
UID: 1000 | Username: ugo
Process: 
  Source: 192.168.1.22:55810
  Destination: 3.175.96.11:443
  TX: 18423 bytes (25 packets)
  RX: 4000 bytes (25 packets)
  Total: 22423 bytes
---

=== Network Statistics Report [2025-10-28 19:09:57] ===
UID: 1000 | Username: ugo
Process: swapper/0
  Total: 3887891 bytes
---

=== Per-Connection Statistics [2025-10-28 19:09:57] ===
UID: 1000 | Username: ugo
Process: 
  Source: 192.168.1.22:41090
  Destination: 104.18.3.115:443
  TX: 3698629 bytes (556 packets)
  RX: 160536 bytes (1144 packets)
  Total: 3859165 bytes
---

=== Per-Connection Statistics [2025-10-28 19:09:57] ===
UID: 1000 | Username: ugo
Process: 
  Source: 192.168.1.22:55810
  Destination: 3.175.96.11:443
  TX: 23360 bytes (33 packets)
  RX: 5366 bytes (34 packets)
  Total: 28726 bytes
---

=== Network Statistics Report [2025-10-28 19:10:07] ===
UID: 1000 | Username: ugo
Process: swapper/0
  Total: 4953092 bytes
---

=== Per-Connection Statistics [2025-10-28 19:10:07] ===
UID: 1000 | Username: ugo
Process: 
  Source: 192.168.1.22:41090
  Destination: 104.18.3.115:443
  TX: 4717441 bytes (708 packets)
  RX: 200604 bytes (1452 packets)
  Total: 4918045 bytes
---

=== Per-Connection Statistics [2025-10-28 19:10:07] ===
UID: 1000 | Username: ugo
Process: 
  Source: 192.168.1.22:55810
  Destination: 3.175.96.11:443
  TX: 28365 bytes (41 packets)
  RX: 6682 bytes (42 packets)
  Total: 35047 bytes
---

=== Network Statistics Report [2025-10-28 19:10:17] ===
UID: 1000 | Username: ugo
Process: swapper/0
  Total: 6021965 bytes
---

=== Per-Connection Statistics [2025-10-28 19:10:17] ===
UID: 1000 | Username: ugo
Process: 
  Source: 192.168.1.22:41090
  Destination: 104.18.3.115:443
  TX: 5745871 bytes (837 packets)
  RX: 233240 bytes (1735 packets)
  Total: 5979111 bytes
---

=== Per-Connection Statistics [2025-10-28 19:10:17] ===
UID: 1000 | Username: ugo
Process: 
  Source: 192.168.1.22:55810
  Destination: 3.175.96.11:443
  TX: 34751 bytes (49 packets)
  RX: 8103 bytes (52 packets)
  Total: 42854 bytes
---

=== Network Statistics Report [2025-10-28 19:10:27] ===
UID: 1000 | Username: ugo
Process: swapper/0
  Total: 6602237 bytes
---

=== Per-Connection Statistics [2025-10-28 19:10:27] ===
UID: 1000 | Username: ugo
Process: 
  Source: 192.168.1.22:41090
  Destination: 104.18.3.115:443
  TX: 6265785 bytes (951 packets)
  RX: 287356 bytes (1956 packets)
  Total: 6553141 bytes
---

=== Per-Connection Statistics [2025-10-28 19:10:27] ===
UID: 1000 | Username: ugo
Process: 
  Source: 192.168.1.22:55810
  Destination: 3.175.96.11:443
  TX: 39677 bytes (57 packets)
  RX: 9419 bytes (60 packets)
  Total: 49096 bytes
---

=== Network Statistics Report [2025-10-28 19:10:37] ===
UID: 1000 | Username: ugo
Process: swapper/0
  Total: 6604698 bytes
---

=== Per-Connection Statistics [2025-10-28 19:10:37] ===
UID: 1000 | Username: ugo
Process: 
  Source: 192.168.1.22:41090
  Destination: 104.18.3.115:443
  TX: 6265785 bytes (951 packets)
  RX: 287356 bytes (1956 packets)
  Total: 6553141 bytes
---

=== Per-Connection Statistics [2025-10-28 19:10:37] ===
UID: 1000 | Username: ugo
Process: 
  Source: 192.168.1.22:55810
  Destination: 3.175.96.11:443
  TX: 41480 bytes (61 packets)
  RX: 10077 bytes (64 packets)
  Total: 51557 bytes
---

=== Network Statistics Report [2025-10-28 19:10:47] ===
UID: 1000 | Username: ugo
Process: swapper/0
  Total: 6604698 bytes
---

=== Per-Connection Statistics [2025-10-28 19:10:47] ===
UID: 1000 | Username: ugo
Process: 
  Source: 192.168.1.22:41090
  Destination: 104.18.3.115:443
  TX: 6265785 bytes (951 packets)
  RX: 287356 bytes (1956 packets)
  Total: 6553141 bytes
---

=== Per-Connection Statistics [2025-10-28 19:10:47] ===
UID: 1000 | Username: ugo
Process: 
  Source: 192.168.1.22:55810
  Destination: 3.175.96.11:443
  TX: 41480 bytes (61 packets)
  RX: 10077 bytes (64 packets)
  Total: 51557 bytes
---

=== Network Statistics Report [2025-10-28 19:10:57] ===
UID: 1000 | Username: ugo
Process: swapper/0
  Total: 6604802 bytes
---

=== Per-Connection Statistics [2025-10-28 19:10:57] ===
UID: 1000 | Username: ugo
Process: 
  Source: 192.168.1.22:41090
  Destination: 104.18.3.115:443
  TX: 6265837 bytes (952 packets)
  RX: 287408 bytes (1957 packets)
  Total: 6553245 bytes
---

=== Per-Connection Statistics [2025-10-28 19:10:57] ===
UID: 1000 | Username: ugo
Process: 
  Source: 192.168.1.22:55810
  Destination: 3.175.96.11:443
  TX: 41480 bytes (61 packets)
  RX: 10077 bytes (64 packets)
  Total: 51557 bytes
---

=== Network Statistics Report [2025-10-28 19:11:07] ===
UID: 1000 | Username: ugo
Process: swapper/0
  Total: 6604906 bytes
---

=== Per-Connection Statistics [2025-10-28 19:11:07] ===
UID: 1000 | Username: ugo
Process: 
  Source: 192.168.1.22:41090
  Destination: 104.18.3.115:443
  TX: 6265837 bytes (952 packets)
  RX: 287408 bytes (1957 packets)
  Total: 6553245 bytes
---

=== Per-Connection Statistics [2025-10-28 19:11:07] ===
UID: 1000 | Username: ugo
Process: 
  Source: 192.168.1.22:55810
  Destination: 3.175.96.11:443
  TX: 41532 bytes (62 packets)
  RX: 10129 bytes (65 packets)
  Total: 51661 bytes
---

=== Network Statistics Report [2025-10-28 19:11:17] ===
UID: 1000 | Username: ugo
Process: swapper/0
  Total: 6898525 bytes
---

=== Per-Connection Statistics [2025-10-28 19:11:17] ===
UID: 1000 | Username: ugo
Process: 
  Source: 192.168.1.22:41090
  Destination: 104.18.3.115:443
  TX: 6527276 bytes (1016 packets)
  RX: 317953 bytes (2070 packets)
  Total: 6845229 bytes
---

=== Per-Connection Statistics [2025-10-28 19:11:17] ===
UID: 1000 | Username: ugo
Process: 
  Source: 192.168.1.22:55810
  Destination: 3.175.96.11:443
  TX: 42509 bytes (66 packets)
  RX: 10787 bytes (69 packets)
  Total: 53296 bytes
---

=== Network Statistics Report [2025-10-28 19:11:27] ===
UID: 1000 | Username: ugo
Process: swapper/0
  Total: 7447601 bytes
---

=== Per-Connection Statistics [2025-10-28 19:11:27] ===
UID: 1000 | Username: ugo
Process: 
  Source: 192.168.1.22:41090
  Destination: 104.18.3.115:443
  TX: 7056496 bytes (1097 packets)
  RX: 333712 bytes (2214 packets)
  Total: 7390208 bytes
---

=== Per-Connection Statistics [2025-10-28 19:11:27] ===
UID: 1000 | Username: ugo
Process: 
  Source: 192.168.1.22:55810
  Destination: 3.175.96.11:443
  TX: 45288 bytes (74 packets)
  RX: 12105 bytes (77 packets)
  Total: 57393 bytes
---

=== Network Statistics Report [2025-10-28 19:11:37] ===
UID: 1000 | Username: ugo
Process: swapper/0
  Total: 8026168 bytes
---

=== Per-Connection Statistics [2025-10-28 19:11:37] ===
UID: 1000 | Username: ugo
Process: 
  Source: 192.168.1.22:41090
  Destination: 104.18.3.115:443
  TX: 7585324 bytes (1228 packets)
  RX: 377828 bytes (2436 packets)
  Total: 7963152 bytes
---

=== Per-Connection Statistics [2025-10-28 19:11:37] ===
UID: 1000 | Username: ugo
Process: 
  Source: 192.168.1.22:55810
  Destination: 3.175.96.11:443
  TX: 49596 bytes (82 packets)
  RX: 13420 bytes (85 packets)
  Total: 63016 bytes
---

=== Network Statistics Report [2025-10-28 19:11:47] ===
UID: 1000 | Username: ugo
Process: swapper/0
  Total: 8296874 bytes
---

=== Per-Connection Statistics [2025-10-28 19:11:47] ===
UID: 1000 | Username: ugo
Process: 
  Source: 192.168.1.22:41090
  Destination: 104.18.3.115:443
  TX: 7847620 bytes (1262 packets)
  RX: 382132 bytes (2508 packets)
  Total: 8229752 bytes
---

=== Per-Connection Statistics [2025-10-28 19:11:47] ===
UID: 1000 | Username: ugo
Process: 
  Source: 192.168.1.22:55810
  Destination: 3.175.96.11:443
  TX: 52385 bytes (90 packets)
  RX: 14737 bytes (93 packets)
  Total: 67122 bytes
---

=== Network Statistics Report [2025-10-28 19:11:57] ===
UID: 1000 | Username: ugo
Process: swapper/0
  Total: 8848385 bytes
---

=== Per-Connection Statistics [2025-10-28 19:11:57] ===
UID: 1000 | Username: ugo
Process: 
  Source: 192.168.1.22:41090
  Destination: 104.18.3.115:443
  TX: 8377824 bytes (1346 packets)
  RX: 400221 bytes (2669 packets)
  Total: 8778045 bytes
---

=== Per-Connection Statistics [2025-10-28 19:11:57] ===
UID: 1000 | Username: ugo
Process: 
  Source: 192.168.1.22:55810
  Destination: 3.175.96.11:443
  TX: 54944 bytes (94 packets)
  RX: 15396 bytes (97 packets)
  Total: 70340 bytes
---

=== Network Statistics Report [2025-10-28 19:12:07] ===
UID: 1000 | Username: ugo
Process: swapper/0
  Total: 9412319 bytes
---

=== Per-Connection Statistics [2025-10-28 19:12:07] ===
UID: 1000 | Username: ugo
Process: 
  Source: 192.168.1.22:41090
  Destination: 104.18.3.115:443
  TX: 8912541 bytes (1434 packets)
  RX: 426040 bytes (2837 packets)
  Total: 9338581 bytes
---

=== Per-Connection Statistics [2025-10-28 19:12:07] ===
UID: 1000 | Username: ugo
Process: 
  Source: 192.168.1.22:55810
  Destination: 3.175.96.11:443
  TX: 57026 bytes (102 packets)
  RX: 16712 bytes (105 packets)
  Total: 73738 bytes
---

=== Network Statistics Report [2025-10-28 19:12:17] ===
UID: 1000 | Username: ugo
Process: swapper/0
  Total: 9705631 bytes
---

=== Per-Connection Statistics [2025-10-28 19:12:17] ===
UID: 1000 | Username: ugo
Process: 
  Source: 192.168.1.22:41090
  Destination: 104.18.3.115:443
  TX: 9182883 bytes (1498 packets)
  RX: 445912 bytes (2943 packets)
  Total: 9628795 bytes
---

=== Per-Connection Statistics [2025-10-28 19:12:17] ===
UID: 1000 | Username: ugo
Process: 
  Source: 192.168.1.22:55810
  Destination: 3.175.96.11:443
  TX: 59466 bytes (106 packets)
  RX: 17370 bytes (109 packets)
  Total: 76836 bytes
---

=== Network Statistics Report [2025-10-28 19:12:27] ===
UID: 1000 | Username: ugo
Process: swapper/0
  Total: 10261403 bytes
---

=== Per-Connection Statistics [2025-10-28 19:12:27] ===
UID: 1000 | Username: ugo
Process: 
  Source: 192.168.1.22:41090
  Destination: 104.18.3.115:443
  TX: 9722712 bytes (1568 packets)
  RX: 457010 bytes (3074 packets)
  Total: 10179722 bytes
---

=== Per-Connection Statistics [2025-10-28 19:12:27] ===
UID: 1000 | Username: ugo
Process: 
  Source: 192.168.1.22:55810
  Destination: 3.175.96.11:443
  TX: 62997 bytes (114 packets)
  RX: 18684 bytes (117 packets)
  Total: 81681 bytes
---

=== Network Statistics Report [2025-10-28 19:12:37] ===
UID: 1000 | Username: ugo
Process: swapper/0
  Total: 10835171 bytes
---

=== Per-Connection Statistics [2025-10-28 19:12:37] ===
UID: 1000 | Username: ugo
Process: 
  Source: 192.168.1.22:41090
  Destination: 104.18.3.115:443
  TX: 10267543 bytes (1654 packets)
  RX: 481099 bytes (3245 packets)
  Total: 10748642 bytes
---

=== Per-Connection Statistics [2025-10-28 19:12:37] ===
UID: 1000 | Username: ugo
Process: 
  Source: 192.168.1.22:55810
  Destination: 3.175.96.11:443
  TX: 66528 bytes (122 packets)
  RX: 20001 bytes (125 packets)
  Total: 86529 bytes
---

=== Network Statistics Report [2025-10-28 19:12:47] ===
UID: 1000 | Username: ugo
Process: swapper/0
  Total: 11691849 bytes
---

=== Per-Connection Statistics [2025-10-28 19:12:47] ===
UID: 1000 | Username: ugo
Process: 
  Source: 192.168.1.22:41090
  Destination: 104.18.3.115:443
  TX: 11090874 bytes (1768 packets)
  RX: 509597 bytes (3471 packets)
  Total: 11600471 bytes
---

=== Per-Connection Statistics [2025-10-28 19:12:47] ===
UID: 1000 | Username: ugo
Process: 
  Source: 192.168.1.22:55810
  Destination: 3.175.96.11:443
  TX: 70059 bytes (130 packets)
  RX: 21319 bytes (133 packets)
  Total: 91378 bytes
---

=== Network Statistics Report [2025-10-28 19:12:57] ===
UID: 1000 | Username: ugo
Process: swapper/0
  Total: 12272108 bytes
---

=== Per-Connection Statistics [2025-10-28 19:12:57] ===
UID: 1000 | Username: ugo
Process: 
  Source: 192.168.1.22:41090
  Destination: 104.18.3.115:443
  TX: 11644291 bytes (1848 packets)
  RX: 532575 bytes (3645 packets)
  Total: 12176866 bytes
---

=== Per-Connection Statistics [2025-10-28 19:12:57] ===
UID: 1000 | Username: ugo
Process: 
  Source: 192.168.1.22:55810
  Destination: 3.175.96.11:443
  TX: 73265 bytes (134 packets)
  RX: 21977 bytes (137 packets)
  Total: 95242 bytes
---

=== Network Statistics Report [2025-10-28 19:13:07] ===
UID: 1000 | Username: ugo
Process: swapper/0
  Total: 13140329 bytes
---

=== Per-Connection Statistics [2025-10-28 19:13:07] ===
UID: 1000 | Username: ugo
Process: 
  Source: 192.168.1.22:41090
  Destination: 104.18.3.115:443
  TX: 12478686 bytes (1958 packets)
  RX: 558717 bytes (3880 packets)
  Total: 13037403 bytes
---

=== Per-Connection Statistics [2025-10-28 19:13:07] ===
UID: 1000 | Username: ugo
Process: 
  Source: 192.168.1.22:55810
  Destination: 3.175.96.11:443
  TX: 79632 bytes (142 packets)
  RX: 23294 bytes (145 packets)
  Total: 102926 bytes
---

=== Network Statistics Report [2025-10-28 19:13:17] ===
UID: 1000 | Username: ugo
Process: swapper/0
  Total: 13735459 bytes
---

=== Per-Connection Statistics [2025-10-28 19:13:17] ===
UID: 1000 | Username: ugo
Process: 
  Source: 192.168.1.22:41090
  Destination: 104.18.3.115:443
  TX: 13040271 bytes (2054 packets)
  RX: 587414 bytes (4059 packets)
  Total: 13627685 bytes
---

=== Per-Connection Statistics [2025-10-28 19:13:17] ===
UID: 1000 | Username: ugo
Process: 
  Source: 192.168.1.22:55810
  Destination: 3.175.96.11:443
  TX: 83165 bytes (150 packets)
  RX: 24609 bytes (153 packets)
  Total: 107774 bytes
---

=== Network Statistics Report [2025-10-28 19:13:27] ===
UID: 1000 | Username: ugo
Process: swapper/0
  Total: 14606271 bytes
---

=== Per-Connection Statistics [2025-10-28 19:13:27] ===
UID: 1000 | Username: ugo
Process: 
  Source: 192.168.1.22:41090
  Destination: 104.18.3.115:443
  TX: 13885082 bytes (2154 packets)
  RX: 607812 bytes (4265 packets)
  Total: 14492894 bytes
---

=== Per-Connection Statistics [2025-10-28 19:13:27] ===
UID: 1000 | Username: ugo
Process: 
  Source: 192.168.1.22:55810
  Destination: 3.175.96.11:443
  TX: 87451 bytes (158 packets)
  RX: 25926 bytes (161 packets)
  Total: 113377 bytes
---

=== Network Statistics Report [2025-10-28 19:13:37] ===
UID: 1000 | Username: ugo
Process: swapper/0
  Total: 15197805 bytes
---

=== Per-Connection Statistics [2025-10-28 19:13:37] ===
UID: 1000 | Username: ugo
Process: 
  Source: 192.168.1.22:41090
  Destination: 104.18.3.115:443
  TX: 14452454 bytes (2233 packets)
  RX: 627116 bytes (4421 packets)
  Total: 15079570 bytes
---

=== Per-Connection Statistics [2025-10-28 19:13:37] ===
UID: 1000 | Username: ugo
Process: 
  Source: 192.168.1.22:55810
  Destination: 3.175.96.11:443
  TX: 90995 bytes (166 packets)
  RX: 27240 bytes (169 packets)
  Total: 118235 bytes
---

=== Network Statistics Report [2025-10-28 19:13:47] ===
UID: 1000 | Username: ugo
Process: swapper/0
  Total: 16084265 bytes
---

=== Per-Connection Statistics [2025-10-28 19:13:47] ===
UID: 1000 | Username: ugo
Process: 
  Source: 192.168.1.22:41090
  Destination: 104.18.3.115:443
  TX: 15308374 bytes (2345 packets)
  RX: 650587 bytes (4644 packets)
  Total: 15958961 bytes
---

=== Per-Connection Statistics [2025-10-28 19:13:47] ===
UID: 1000 | Username: ugo
Process: 
  Source: 192.168.1.22:55810
  Destination: 3.175.96.11:443
  TX: 96665 bytes (175 packets)
  RX: 28639 bytes (178 packets)
  Total: 125304 bytes
---

=== Network Statistics Report [2025-10-28 19:13:57] ===
UID: 1000 | Username: ugo
Process: swapper/0
  Total: 16684651 bytes
---

=== Per-Connection Statistics [2025-10-28 19:13:57] ===
UID: 1000 | Username: ugo
Process: 
  Source: 192.168.1.22:41090
  Destination: 104.18.3.115:443
  TX: 15882372 bytes (2423 packets)
  RX: 671283 bytes (4804 packets)
  Total: 16553655 bytes
---

=== Per-Connection Statistics [2025-10-28 19:13:57] ===
UID: 1000 | Username: ugo
Process: 
  Source: 192.168.1.22:55810
  Destination: 3.175.96.11:443
  TX: 100977 bytes (184 packets)
  RX: 30019 bytes (187 packets)
  Total: 130996 bytes
---

=== Network Statistics Report [2025-10-28 19:14:07] ===
UID: 1000 | Username: ugo
Process: swapper/0
  Total: 17285254 bytes
---

=== Per-Connection Statistics [2025-10-28 19:14:07] ===
UID: 1000 | Username: ugo
Process: 
  Source: 192.168.1.22:41090
  Destination: 104.18.3.115:443
  TX: 16458522 bytes (2493 packets)
  RX: 690133 bytes (4970 packets)
  Total: 17148655 bytes
---

=== Per-Connection Statistics [2025-10-28 19:14:07] ===
UID: 1000 | Username: ugo
Process: 
  Source: 192.168.1.22:55810
  Destination: 3.175.96.11:443
  TX: 105263 bytes (192 packets)
  RX: 31336 bytes (195 packets)
  Total: 136599 bytes
---

=== Network Statistics Report [2025-10-28 19:14:17] ===
UID: 1000 | Username: ugo
Process: swapper/0
  Total: 18487681 bytes
---

=== Per-Connection Statistics [2025-10-28 19:14:17] ===
UID: 1000 | Username: ugo
Process: 
  Source: 192.168.1.22:41090
  Destination: 104.18.3.115:443
  TX: 17617950 bytes (2643 packets)
  RX: 725808 bytes (5284 packets)
  Total: 18343758 bytes
---

=== Per-Connection Statistics [2025-10-28 19:14:17] ===
UID: 1000 | Username: ugo
Process: 
  Source: 192.168.1.22:55810
  Destination: 3.175.96.11:443
  TX: 111123 bytes (202 packets)
  RX: 32800 bytes (205 packets)
  Total: 143923 bytes
---

=== Network Statistics Report [2025-10-28 19:14:27] ===
UID: 1000 | Username: ugo
Process: swapper/0
  Total: 19102461 bytes
---

=== Per-Connection Statistics [2025-10-28 19:14:27] ===
UID: 1000 | Username: ugo
Process: 
  Source: 192.168.1.22:41090
  Destination: 104.18.3.115:443
  TX: 18202923 bytes (2719 packets)
  RX: 750768 bytes (5466 packets)
  Total: 18953691 bytes
---

=== Per-Connection Statistics [2025-10-28 19:14:27] ===
UID: 1000 | Username: ugo
Process: 
  Source: 192.168.1.22:55810
  Destination: 3.175.96.11:443
  TX: 114653 bytes (210 packets)
  RX: 34117 bytes (213 packets)
  Total: 148770 bytes
---

=== Network Statistics Report [2025-10-28 19:14:37] ===
UID: 1000 | Username: ugo
Process: swapper/0
  Total: 20018045 bytes
---

=== Per-Connection Statistics [2025-10-28 19:14:37] ===
UID: 1000 | Username: ugo
Process: 
  Source: 192.168.1.22:41090
  Destination: 104.18.3.115:443
  TX: 19085781 bytes (2840 packets)
  RX: 776317 bytes (5705 packets)
  Total: 19862098 bytes
---

=== Per-Connection Statistics [2025-10-28 19:14:37] ===
UID: 1000 | Username: ugo
Process: 
  Source: 192.168.1.22:55810
  Destination: 3.175.96.11:443
  TX: 120464 bytes (219 packets)
  RX: 35483 bytes (222 packets)
  Total: 155947 bytes
---

=== Network Statistics Report [2025-10-28 19:14:47] ===
UID: 1000 | Username: ugo
Process: swapper/0
  Total: 20633058 bytes
---

=== Per-Connection Statistics [2025-10-28 19:14:47] ===
UID: 1000 | Username: ugo
Process: 
  Source: 192.168.1.22:41090
  Destination: 104.18.3.115:443
  TX: 19677489 bytes (2910 packets)
  RX: 794761 bytes (5859 packets)
  Total: 20472250 bytes
---

=== Per-Connection Statistics [2025-10-28 19:14:47] ===
UID: 1000 | Username: ugo
Process: 
  Source: 192.168.1.22:55810
  Destination: 3.175.96.11:443
  TX: 124009 bytes (227 packets)
  RX: 36799 bytes (230 packets)
  Total: 160808 bytes
---

=== Network Statistics Report [2025-10-28 19:14:57] ===
UID: 1000 | Username: ugo
Process: swapper/0
  Total: 21026044 bytes
---

=== Per-Connection Statistics [2025-10-28 19:14:57] ===
UID: 1000 | Username: ugo
Process: 
  Source: 192.168.1.22:41090
  Destination: 104.18.3.115:443
  TX: 19980752 bytes (3058 packets)
  RX: 879626 bytes (6106 packets)
  Total: 20860378 bytes
---

=== Per-Connection Statistics [2025-10-28 19:14:57] ===
UID: 1000 | Username: ugo
Process: 
  Source: 192.168.1.22:55810
  Destination: 3.175.96.11:443
  TX: 127550 bytes (235 packets)
  RX: 38116 bytes (238 packets)
  Total: 165666 bytes
---
